<?xml version="1.0" encoding="UTF-8"?>
<!-- Generated by org.testng.reporters.JUnitXMLReporter -->
<testsuite ignored="1" hostname="DESKTOP-49249FS" failures="0" tests="1" name="Default test" time="0.036" errors="0" timestamp="2021-05-26T16:48:35 UYT">
  <testcase classname="qaclickacademy.Mavenjava.SeleniumTest" name="browserAutomation" time="0.005"/>
  <testcase classname="qaclickacademy.Mavenjava.SeleniumTest" name="elementsUi" time="0.0">
    <ignored/>
  </testcase> <!-- elementsUi -->
</testsuite> <!-- Default test -->
