<?xml version="1.0" encoding="UTF-8"?>
<testng-results ignored="0" total="4" passed="4" failed="0" skipped="0">
  <reporter-output>
  </reporter-output>
  <suite started-at="2021-05-28T12:06:32 UYT" name="Suite" finished-at="2021-05-28T12:06:32 UYT" duration-ms="74">
    <groups>
    </groups>
    <test started-at="2021-05-28T12:06:32 UYT" name="Test" finished-at="2021-05-28T12:06:32 UYT" duration-ms="74">
      <class name="qaclickacademy.Mavenjava.RESTAPITest">
        <test-method signature="deleteTwitter()[pri:0, instance:qaclickacademy.Mavenjava.RESTAPITest@e056f20]" started-at="2021-05-28T12:06:32 UYT" name="deleteTwitter" finished-at="2021-05-28T12:06:32 UYT" duration-ms="5" status="PASS">
          <reporter-output>
          </reporter-output>
        </test-method> <!-- deleteTwitter -->
        <test-method signature="postJira()[pri:0, instance:qaclickacademy.Mavenjava.RESTAPITest@e056f20]" started-at="2021-05-28T12:06:32 UYT" name="postJira" finished-at="2021-05-28T12:06:32 UYT" duration-ms="1" status="PASS">
          <reporter-output>
          </reporter-output>
        </test-method> <!-- postJira -->
      </class> <!-- qaclickacademy.Mavenjava.RESTAPITest -->
      <class name="qaclickacademy.Mavenjava.SeleniumTest">
        <test-method signature="browserAutomation()[pri:0, instance:qaclickacademy.Mavenjava.SeleniumTest@30ee2816]" started-at="2021-05-28T12:06:32 UYT" name="browserAutomation" finished-at="2021-05-28T12:06:32 UYT" duration-ms="1" status="PASS">
          <reporter-output>
          </reporter-output>
        </test-method> <!-- browserAutomation -->
        <test-method signature="elementsUi()[pri:0, instance:qaclickacademy.Mavenjava.SeleniumTest@30ee2816]" started-at="2021-05-28T12:06:32 UYT" name="elementsUi" finished-at="2021-05-28T12:06:32 UYT" duration-ms="1" status="PASS">
          <reporter-output>
          </reporter-output>
        </test-method> <!-- elementsUi -->
      </class> <!-- qaclickacademy.Mavenjava.SeleniumTest -->
    </test> <!-- Test -->
  </suite> <!-- Suite -->
</testng-results>
